<?xml version="1.0" encoding="UTF-8"?>
<!-- Generated by org.testng.reporters.JUnitReportReporter -->
<testsuite hostname="DESKTOP-DFQ1GU9" failures="0" tests="1" name="Test.TestNGDemo2" time="9.584" errors="0" timestamp="2022-08-23T00:17:32 IST" skipped="0">
  <testcase classname="Test.TestNGDemo2" name="googleSearch3" time="9.584"/>
  <system-out/>
</testsuite> <!-- Test.TestNGDemo2 -->
