<?xml version="1.0" encoding="UTF-8"?>
<!-- Generated by org.testng.reporters.JUnitReportReporter -->
<testsuite hostname="DESKTOP-DFQ1GU9" failures="0" tests="2" name="Demo.TestNGIgnoreDemo" time="0.014" errors="0" timestamp="2022-09-07T00:16:34 IST" skipped="0">
  <testcase classname="Demo.TestNGIgnoreDemo" name="test3" time="0.002"/>
  <system-out/>
  <testcase classname="Demo.TestNGIgnoreDemo" name="test2" time="0.012"/>
  <system-out/>
</testsuite> <!-- Demo.TestNGIgnoreDemo -->
