<?xml version="1.0" encoding="UTF-8"?>
<!-- Generated by org.testng.reporters.JUnitReportReporter -->
<testsuite hostname="DESKTOP-DFQ1GU9" failures="0" tests="3" name="Demo.DependencyDemo" time="0.022" errors="0" timestamp="2022-09-07T00:13:48 IST" skipped="0">
  <testcase classname="Demo.DependencyDemo" name="test2" time="0.018"/>
  <system-out/>
  <testcase classname="Demo.DependencyDemo" name="test3" time="0.002"/>
  <system-out/>
  <testcase classname="Demo.DependencyDemo" name="test1" time="0.002"/>
  <system-out/>
</testsuite> <!-- Demo.DependencyDemo -->
