<?xml version="1.0" encoding="UTF-8"?>
<!-- Generated by org.testng.reporters.JUnitReportReporter -->
<testsuite hostname="DESKTOP-DFQ1GU9" failures="0" tests="3" name="listeners.TestNGListenerDemo2" time="0.015" errors="0" timestamp="2022-09-05T21:09:20 IST" skipped="0">
  <testcase classname="listeners.TestNGListenerDemo2" name="test6" time="0.006"/>
  <system-out/>
  <testcase classname="listeners.TestNGListenerDemo2" name="test4" time="0.006"/>
  <system-out/>
  <testcase classname="listeners.TestNGListenerDemo2" name="test5" time="0.003"/>
  <system-out/>
</testsuite> <!-- listeners.TestNGListenerDemo2 -->
