<?xml version="1.0" encoding="UTF-8"?>
<!-- Generated by org.testng.reporters.JUnitReportReporter -->
<testsuite hostname="DESKTOP-DFQ1GU9" failures="0" tests="1" name="test.TestNGDemo" time="5.373" errors="0" timestamp="2022-09-04T23:18:19 IST" skipped="0">
  <testcase classname="test.TestNGDemo" name="googleSearch" time="5.373"/>
  <system-out/>
</testsuite> <!-- test.TestNGDemo -->
