<?xml version="1.0" encoding="UTF-8"?>
<!-- Generated by org.testng.reporters.JUnitReportReporter -->
<testsuite hostname="DESKTOP-DFQ1GU9" failures="0" tests="1" name="test.ExtendReportDemoWithTestNg" time="0.073" errors="0" timestamp="2022-09-05T01:05:25 IST" skipped="0">
  <testcase classname="test.ExtendReportDemoWithTestNg" name="test" time="0.073"/>
  <system-out/>
</testsuite> <!-- test.ExtendReportDemoWithTestNg -->
