<?xml version="1.0" encoding="UTF-8"?>
<!-- Generated by org.testng.reporters.JUnitReportReporter -->
<testsuite hostname="DESKTOP-DFQ1GU9" failures="0" tests="3" name="Demo.TestNGPriorityDemo" time="0.022" errors="0" timestamp="2022-09-05T23:25:30 IST" skipped="0">
  <testcase classname="Demo.TestNGPriorityDemo" name="three" time="0.016"/>
  <system-out/>
  <testcase classname="Demo.TestNGPriorityDemo" name="two" time="0.004"/>
  <system-out/>
  <testcase classname="Demo.TestNGPriorityDemo" name="one" time="0.002"/>
  <system-out/>
</testsuite> <!-- Demo.TestNGPriorityDemo -->
