<?xml version="1.0" encoding="UTF-8"?>
<!-- Generated by org.testng.reporters.JUnitReportReporter -->
<testsuite hostname="DESKTOP-DFQ1GU9" failures="0" tests="2" name="Test.ExtentReportDempoTestNg" time="2.557" errors="0" timestamp="2022-08-23T11:45:11 IST" skipped="0">
  <testcase classname="Test.ExtentReportDempoTestNg" name="test1" time="2.545"/>
  <system-out/>
  <testcase classname="Test.ExtentReportDempoTestNg" name="test2" time="0.012"/>
  <system-out/>
</testsuite> <!-- Test.ExtentReportDempoTestNg -->
